build/app/outputs/mapping/release/mapping.txt
# compiler: R8
# compiler_version: 1.5.64
# min_api: 16
# pg_map_id: 6bdba48
com.example.new_project.MainActivity -> com.example.new_project.MainActivity:
    void configureFlutterEngine(io.flutter.embedding.engine.FlutterEngine) -> b
...
com.google.android.gms.maps.internal.zzap -> com.google.android.gms.maps.i.n:
    void zza(com.google.android.gms.maps.internal.IGoogleMapDelegate) -> a
com.google.android.gms.maps.internal.zzaq -> com.google.android.gms.maps.i.o:
    boolean dispatchTransaction(int,android.os.Parcel,android.os.Parcel,int) -> a
com.google.android.gms.maps.internal.zzar -> com.google.android.gms.maps.i.p:
    boolean zza(com.google.android.gms.internal.maps.zzt) -> a
com.google.android.gms.maps.internal.zzas -> com.google.android.gms.maps.i.q:
    boolean dispatchTransaction(int,android.os.Parcel,android.os.Parcel,int) -> a
com.google.android.gms.maps.internal.zzat -> com.google.android.gms.maps.i.r:
    void zzc(com.google.android.gms.internal.maps.zzt) -> b
    void zzd(com.google.android.gms.internal.maps.zzt) -> c
    void zzb(com.google.android.gms.internal.maps.zzt) -> e
com.google.android.gms.maps.internal.zzau -> com.google.android.gms.maps.i.s:
    boolean dispatchTransaction(int,android.os.Parcel,android.os.Parcel,int) -> a
com.google.android.gms.maps.internal.zzb -> com.google.android.gms.maps.i.t:
    com.google.android.gms.dynamic.IObjectWrapper zoomOut() -> K
    com.google.android.gms.dynamic.IObjectWrapper newCameraPosition(com.google.android.gms.maps.model.CameraPosition) -> a
    com.google.android.gms.dynamic.IObjectWrapper newLatLngBounds(com.google.android.gms.maps.model.LatLngBounds,int) -> a
    com.google.android.gms.dynamic.IObjectWrapper newLatLngZoom(com.google.android.gms.maps.model.LatLng,float) -> a
    com.google.android.gms.dynamic.IObjectWrapper zoomByWithFocus(float,int,int) -> a
    com.google.android.gms.dynamic.IObjectWrapper scrollBy(float,float) -> c
    com.google.android.gms.dynamic.IObjectWrapper newLatLng(com.google.android.gms.maps.model.LatLng) -> f
    com.google.android.gms.dynamic.IObjectWrapper zoomBy(float) -> f
    com.google.android.gms.dynamic.IObjectWrapper zoomTo(float) -> g
    com.google.android.gms.dynamic.IObjectWrapper zoomIn() -> v
com.google.android.gms.maps.internal.zzbd -> com.google.android.gms.maps.i.u:
    void zza(com.google.android.gms.internal.maps.zzw) -> a
com.google.android.gms.maps.internal.zzbe -> com.google.android.gms.maps.i.v:
    boolean dispatchTransaction(int,android.os.Parcel,android.os.Parcel,int) -> a
com.google.android.gms.maps.internal.zzbf -> com.google.android.gms.maps.i.w:
    void zza(com.google.android.gms.internal.maps.zzz) -> b
com.google.android.gms.maps.internal.zzbg -> com.google.android.gms.maps.i.x:
    boolean dispatchTransaction(int,android.os.Parcel,android.os.Parcel,int) -> a
com.google.android.gms.maps.internal.zzbr -> com.google.android.gms.maps.i.y:
    com.google.android.gms.maps.model.VisibleRegion getVisibleRegion() -> A
    com.google.android.gms.maps.model.LatLng fromScreenLocation(com.google.android.gms.dynamic.IObjectWrapper) -> d
    com.google.android.gms.dynamic.IObjectWrapper toScreenLocation(com.google.android.gms.maps.model.LatLng) -> e
com.google.android.gms.maps.internal.zzbs -> com.google.android.gms.maps.i.z:
    void onSnapshotReady(android.graphics.Bitmap) -> a
    void zzb(com.google.android.gms.dynamic.IObjectWrapper) -> a
com.google.android.gms.maps.internal.zzbt -> com.google.android.gms.maps.i.a0:
    boolean dispatchTransaction(int,android.os.Parcel,android.os.Parcel,int) -> a